  Menu.cpp
C:\Baitaplaptrinhhuongdoituong\50_VoAnhThao\Chuong4Menu\Menu.h(10,5): error C2065: 'Menu': undeclared identifier
  (compiling source file 'Menu.cpp')
  
C:\Baitaplaptrinhhuongdoituong\50_VoAnhThao\Chuong4Menu\Menu.h(10,10): error C2146: syntax error: missing ';' before identifier 'm1'
  (compiling source file 'Menu.cpp')
  
C:\Baitaplaptrinhhuongdoituong\50_VoAnhThao\Chuong4Menu\Menu.h(10,10): error C3861: 'm1': identifier not found
  (compiling source file 'Menu.cpp')
  
C:\Baitaplaptrinhhuongdoituong\50_VoAnhThao\Chuong4Menu\Menu.h(11,5): error C2065: 'm1': undeclared identifier
  (compiling source file 'Menu.cpp')
  
C:\Baitaplaptrinhhuongdoituong\50_VoAnhThao\Chuong4Menu\Menu.h(12,5): error C2065: 'm1': undeclared identifier
  (compiling source file 'Menu.cpp')
  
C:\Baitaplaptrinhhuongdoituong\50_VoAnhThao\Chuong4Menu\Menu.h(13,5): error C2065: 'm1': undeclared identifier
  (compiling source file 'Menu.cpp')
  
C:\Baitaplaptrinhhuongdoituong\50_VoAnhThao\Chuong4Menu\Menu.h(17,5): error C2065: 'm1': undeclared identifier
  (compiling source file 'Menu.cpp')
  
C:\Baitaplaptrinhhuongdoituong\50_VoAnhThao\Chuong4Menu\Menu.h(18,5): error C2065: 'm1': undeclared identifier
  (compiling source file 'Menu.cpp')
  
C:\Baitaplaptrinhhuongdoituong\50_VoAnhThao\Chuong4Menu\Menu.h(20,5): error C2065: 'Menu': undeclared identifier
  (compiling source file 'Menu.cpp')
  
C:\Baitaplaptrinhhuongdoituong\50_VoAnhThao\Chuong4Menu\Menu.h(20,10): error C2146: syntax error: missing ';' before identifier 'm2'
  (compiling source file 'Menu.cpp')
  
C:\Baitaplaptrinhhuongdoituong\50_VoAnhThao\Chuong4Menu\Menu.h(20,10): error C3861: 'm2': identifier not found
  (compiling source file 'Menu.cpp')
  
C:\Baitaplaptrinhhuongdoituong\50_VoAnhThao\Chuong4Menu\Menu.h(21,5): error C2065: 'm2': undeclared identifier
  (compiling source file 'Menu.cpp')
  
C:\Baitaplaptrinhhuongdoituong\50_VoAnhThao\Chuong4Menu\Menu.h(22,5): error C2065: 'm2': undeclared identifier
  (compiling source file 'Menu.cpp')
  
C:\Baitaplaptrinhhuongdoituong\50_VoAnhThao\Chuong4Menu\Menu.h(25,5): error C2065: 'm2': undeclared identifier
  (compiling source file 'Menu.cpp')
  
C:\Baitaplaptrinhhuongdoituong\50_VoAnhThao\Chuong4Menu\Menu.h(26,5): error C2065: 'm2': undeclared identifier
  (compiling source file 'Menu.cpp')
  
C:\Baitaplaptrinhhuongdoituong\50_VoAnhThao\Chuong4Menu\Menu.h(29,17): error C2065: 'm1': undeclared identifier
  (compiling source file 'Menu.cpp')
  
C:\Baitaplaptrinhhuongdoituong\50_VoAnhThao\Chuong4Menu\Menu.h(32,17): error C2065: 'm2': undeclared identifier
  (compiling source file 'Menu.cpp')
  
C:\Baitaplaptrinhhuongdoituong\50_VoAnhThao\Chuong4Menu\Menu.h(36,17): error C2065: 'm2': undeclared identifier
  (compiling source file 'Menu.cpp')
  
C:\Baitaplaptrinhhuongdoituong\50_VoAnhThao\Chuong4Menu\Menu.h(45,10): warning C4067: unexpected tokens following preprocessor directive - expected a newline
  (compiling source file 'Menu.cpp')
  
C:\Baitaplaptrinhhuongdoituong\50_VoAnhThao\Chuong4Menu\Menu.h(46,10): warning C4067: unexpected tokens following preprocessor directive - expected a newline
  (compiling source file 'Menu.cpp')
  
  MenuMain.cpp
C:\Baitaplaptrinhhuongdoituong\50_VoAnhThao\Chuong4Menu\Menu.h(10,5): error C2065: 'Menu': undeclared identifier
  (compiling source file 'MenuMain.cpp')
  
C:\Baitaplaptrinhhuongdoituong\50_VoAnhThao\Chuong4Menu\Menu.h(10,10): error C2146: syntax error: missing ';' before identifier 'm1'
  (compiling source file 'MenuMain.cpp')
  
C:\Baitaplaptrinhhuongdoituong\50_VoAnhThao\Chuong4Menu\Menu.h(10,10): error C3861: 'm1': identifier not found
  (compiling source file 'MenuMain.cpp')
  
C:\Baitaplaptrinhhuongdoituong\50_VoAnhThao\Chuong4Menu\Menu.h(11,5): error C2065: 'm1': undeclared identifier
  (compiling source file 'MenuMain.cpp')
  
C:\Baitaplaptrinhhuongdoituong\50_VoAnhThao\Chuong4Menu\Menu.h(12,5): error C2065: 'm1': undeclared identifier
  (compiling source file 'MenuMain.cpp')
  
C:\Baitaplaptrinhhuongdoituong\50_VoAnhThao\Chuong4Menu\Menu.h(13,5): error C2065: 'm1': undeclared identifier
  (compiling source file 'MenuMain.cpp')
  
C:\Baitaplaptrinhhuongdoituong\50_VoAnhThao\Chuong4Menu\Menu.h(17,5): error C2065: 'm1': undeclared identifier
  (compiling source file 'MenuMain.cpp')
  
C:\Baitaplaptrinhhuongdoituong\50_VoAnhThao\Chuong4Menu\Menu.h(18,5): error C2065: 'm1': undeclared identifier
  (compiling source file 'MenuMain.cpp')
  
C:\Baitaplaptrinhhuongdoituong\50_VoAnhThao\Chuong4Menu\Menu.h(20,5): error C2065: 'Menu': undeclared identifier
  (compiling source file 'MenuMain.cpp')
  
C:\Baitaplaptrinhhuongdoituong\50_VoAnhThao\Chuong4Menu\Menu.h(20,10): error C2146: syntax error: missing ';' before identifier 'm2'
  (compiling source file 'MenuMain.cpp')
  
C:\Baitaplaptrinhhuongdoituong\50_VoAnhThao\Chuong4Menu\Menu.h(20,10): error C3861: 'm2': identifier not found
  (compiling source file 'MenuMain.cpp')
  
C:\Baitaplaptrinhhuongdoituong\50_VoAnhThao\Chuong4Menu\Menu.h(21,5): error C2065: 'm2': undeclared identifier
  (compiling source file 'MenuMain.cpp')
  
C:\Baitaplaptrinhhuongdoituong\50_VoAnhThao\Chuong4Menu\Menu.h(22,5): error C2065: 'm2': undeclared identifier
  (compiling source file 'MenuMain.cpp')
  
C:\Baitaplaptrinhhuongdoituong\50_VoAnhThao\Chuong4Menu\Menu.h(25,5): error C2065: 'm2': undeclared identifier
  (compiling source file 'MenuMain.cpp')
  
C:\Baitaplaptrinhhuongdoituong\50_VoAnhThao\Chuong4Menu\Menu.h(26,5): error C2065: 'm2': undeclared identifier
  (compiling source file 'MenuMain.cpp')
  
C:\Baitaplaptrinhhuongdoituong\50_VoAnhThao\Chuong4Menu\Menu.h(29,17): error C2065: 'm1': undeclared identifier
  (compiling source file 'MenuMain.cpp')
  
C:\Baitaplaptrinhhuongdoituong\50_VoAnhThao\Chuong4Menu\Menu.h(32,17): error C2065: 'm2': undeclared identifier
  (compiling source file 'MenuMain.cpp')
  
C:\Baitaplaptrinhhuongdoituong\50_VoAnhThao\Chuong4Menu\Menu.h(36,17): error C2065: 'm2': undeclared identifier
  (compiling source file 'MenuMain.cpp')
  
C:\Baitaplaptrinhhuongdoituong\50_VoAnhThao\Chuong4Menu\Menu.h(45,10): warning C4067: unexpected tokens following preprocessor directive - expected a newline
  (compiling source file 'MenuMain.cpp')
  
C:\Baitaplaptrinhhuongdoituong\50_VoAnhThao\Chuong4Menu\Menu.h(46,10): warning C4067: unexpected tokens following preprocessor directive - expected a newline
  (compiling source file 'MenuMain.cpp')
  
C:\Baitaplaptrinhhuongdoituong\50_VoAnhThao\Chuong4Menu\MenuMain.cpp(6,5): error C2084: function 'int main(void)' already has a body
  C:\Baitaplaptrinhhuongdoituong\50_VoAnhThao\Chuong4Menu\Menu.h(7,5):
  see previous definition of 'main'
  
  Generating Code...
